#
# There is insufficient memory for the Java Runtime Environment to continue.
# Native memory allocation (malloc) failed to allocate 32744 bytes for ChunkPool::allocate
# Possible reasons:
#   The system is out of physical RAM or swap space
#   The process is running with CompressedOops enabled, and the Java Heap may be blocking the growth of the native heap
# Possible solutions:
#   Reduce memory load on the system
#   Increase physical memory or swap space
#   Check if swap backing store is full
#   Decrease Java heap size (-Xmx/-Xms)
#   Decrease number of Java threads
#   Decrease Java thread stack sizes (-Xss)
#   Set larger code cache with -XX:ReservedCodeCacheSize=
#   JVM is running with Unscaled Compressed Oops mode in which the Java heap is
#     placed in the first 4GB address space. The Java Heap base address is the
#     maximum limit for the native heap growth. Please use -XX:HeapBaseMinAddress
#     to set the Java Heap base and to place the Java Heap above 4GB virtual address.
# This output file may be truncated or incomplete.
#
#  Out of Memory Error (./src/hotspot/share/memory/arena.cpp:81), pid=6476, tid=5264
#
# JRE version: OpenJDK Runtime Environment (11.0.11+9) (build 11.0.11+9-b60-7590822)
# Java VM: OpenJDK 64-Bit Server VM (11.0.11+9-b60-7590822, mixed mode, tiered, compressed oops, g1 gc, windows-amd64)
# No core dump will be written. Minidumps are not enabled by default on client versions of Windows
#

---------------  S U M M A R Y ------------

Command Line: org.jetbrains.kotlin.cli.jvm.K2JVMCompiler @C:\Users\dasta\AndroidStudioProjects\CalculatorDastanBakaev\app\build\20220414_5954855175550524275.compiler.options

Host: Intel(R) Core(TM) i3-7020U CPU @ 2.30GHz, 4 cores, 7G,  Windows 10 , 64 bit Build 19041 (10.0.19041.1566)
Time: Thu Apr 14 23:16:48 2022 Центральная Азия (зима) elapsed time: 0.412451 seconds (0d 0h 0m 0s)

---------------  T H R E A D  ---------------

Current thread (0x0000027aa2572000):  JavaThread "main" [_thread_in_vm, id=5264, stack(0x000000f8af800000,0x000000f8af900000)]

Stack: [0x000000f8af800000,0x000000f8af900000]
Native frames: (J=compiled Java code, j=interpreted, Vv=VM code, C=native code)
V  [jvm.dll+0x5f214a]
V  [jvm.dll+0x726fb5]
V  [jvm.dll+0x7285cd]
V  [jvm.dll+0x728c83]
V  [jvm.dll+0x243278]
V  [jvm.dll+0xbc78b]
V  [jvm.dll+0xbca3c]
V  [jvm.dll+0x1c3be7]
V  [jvm.dll+0x1c4905]
V  [jvm.dll+0x1c53da]
V  [jvm.dll+0x1ba3f4]
V  [jvm.dll+0x4cb0db]
V  [jvm.dll+0x6c4d1b]
V  [jvm.dll+0x3e3804]
V  [jvm.dll+0x3e7ac9]
C  [java.dll+0x19b8]

Java frames: (J=compiled Java code, j=interpreted, Vv=VM code)
j  java.lang.ClassLoader.defineClass1(Ljava/lang/ClassLoader;Ljava/lang/String;[BIILjava/security/ProtectionDomain;Ljava/lang/String;)Ljava/lang/Class;+0 java.base@11.0.11
j  java.lang.ClassLoader.defineClass(Ljava/lang/String;[BIILjava/security/ProtectionDomain;)Ljava/lang/Class;+27 java.base@11.0.11
j  java.security.SecureClassLoader.defineClass(Ljava/lang/String;[BIILjava/security/CodeSource;)Ljava/lang/Class;+12 java.base@11.0.11
j  jdk.internal.loader.BuiltinClassLoader.defineClass(Ljava/lang/String;Ljdk/internal/loader/Resource;)Ljava/lang/Class;+117 java.base@11.0.11
j  jdk.internal.loader.BuiltinClassLoader.findClassOnClassPathOrNull(Ljava/lang/String;)Ljava/lang/Class;+37 java.base@11.0.11
J 220 c1 jdk.internal.loader.BuiltinClassLoader.loadClassOrNull(Ljava/lang/String;Z)Ljava/lang/Class; java.base@11.0.11 (143 bytes) @ 0x0000027aa664cc9c [0x0000027aa664bb80+0x000000000000111c]
j  jdk.internal.loader.BuiltinClassLoader.loadClass(Ljava/lang/String;Z)Ljava/lang/Class;+3 java.base@11.0.11
j  jdk.internal.loader.ClassLoaders$AppClassLoader.loadClass(Ljava/lang/String;Z)Ljava/lang/Class;+36 java.base@11.0.11
J 315 c1 java.lang.ClassLoader.loadClass(Ljava/lang/String;)Ljava/lang/Class; java.base@11.0.11 (7 bytes) @ 0x0000027aa666d53c [0x0000027aa666d440+0x00000000000000fc]
v  ~StubRoutines::call_stub
j  kotlin.reflect.jvm.internal.KClassImpl$Data.<init>(Lkotlin/reflect/jvm/internal/KClassImpl;)V+83
j  kotlin.reflect.jvm.internal.KClassImpl$data$1.invoke()Lkotlin/reflect/jvm/internal/KClassImpl$Data;+8
j  kotlin.reflect.jvm.internal.KClassImpl$data$1.invoke()Ljava/lang/Object;+1
j  kotlin.reflect.jvm.internal.ReflectProperties$LazyVal.invoke()Ljava/lang/Object;+19
j  kotlin.reflect.full.KClasses.getMemberProperties(Lkotlin/reflect/KClass;)Ljava/util/Collection;+13
j  org.jetbrains.kotlin.cli.common.arguments.ParseCommandLineArgumentsKt.parsePreprocessedCommandLineArguments(Ljava/util/List;Lorg/jetbrains/kotlin/cli/common/arguments/CommonToolArguments;Lorg/jetbrains/kotlin/cli/common/arguments/ArgumentParseErrors;)V+7
j  org.jetbrains.kotlin.cli.common.arguments.ParseCommandLineArgumentsKt.parseCommandLineArguments(Ljava/util/List;Lorg/jetbrains/kotlin/cli/common/arguments/CommonToolArguments;)V+77
j  org.jetbrains.kotlin.cli.common.CLITool.exec(Ljava/io/PrintStream;Lorg/jetbrains/kotlin/config/Services;Lorg/jetbrains/kotlin/cli/common/messages/MessageRenderer;[Ljava/lang/String;)Lorg/jetbrains/kotlin/cli/common/ExitCode;+38
j  org.jetbrains.kotlin.cli.common.CLITool.exec(Ljava/io/PrintStream;Lorg/jetbrains/kotlin/cli/common/messages/MessageRenderer;[Ljava/lang/String;)Lorg/jetbrains/kotlin/cli/common/ExitCode;+25
j  org.jetbrains.kotlin.cli.common.CLITool$Companion.doMainNoExit(Lorg/jetbrains/kotlin/cli/common/CLITool;[Ljava/lang/String;Lorg/jetbrains/kotlin/cli/common/messages/MessageRenderer;)Lorg/jetbrains/kotlin/cli/common/ExitCode;+44
j  org.jetbrains.kotlin.cli.common.CLITool$Companion.doMainNoExit$default(Lorg/jetbrains/kotlin/cli/common/CLITool$Companion;Lorg/jetbrains/kotlin/cli/common/CLITool;[Ljava/lang/String;Lorg/jetbrains/kotlin/cli/common/messages/MessageRenderer;ILjava/lang/Object;)Lorg/jetbrains/kotlin/cli/common/ExitCode;+16
j  org.jetbrains.kotlin.cli.common.CLITool$Companion.doMain(Lorg/jetbrains/kotlin/cli/common/CLITool;[Ljava/lang/String;)V+54
j  org.jetbrains.kotlin.cli.jvm.K2JVMCompiler$Companion.main([Ljava/lang/String;)V+20
j  org.jetbrains.kotlin.cli.jvm.K2JVMCompiler.main([Ljava/lang/String;)V+4
v  ~StubRoutines::call_stub

---------------  P R O C E S S  ---------------

Threads class SMR info:
_java_thread_list=0x0000027abcb74d00, length=11, elements={
0x0000027aa2572000, 0x0000027abc07d000, 0x0000027abc07e000, 0x0000027abca19000,
0x0000027abca1b000, 0x0000027abca1c800, 0x0000027abc098000, 0x0000027abc09e000,
0x0000027abc0a4800, 0x0000027abcb6e800, 0x0000027abc09f000
}

Java Threads: ( => current thread )
=>0x0000027aa2572000 JavaThread "main" [_thread_in_vm, id=5264, stack(0x000000f8af800000,0x000000f8af900000)]
  0x0000027abc07d000 JavaThread "Reference Handler" daemon [_thread_blocked, id=4568, stack(0x000000f8aff00000,0x000000f8b0000000)]
  0x0000027abc07e000 JavaThread "Finalizer" daemon [_thread_blocked, id=12976, stack(0x000000f8b0000000,0x000000f8b0100000)]
  0x0000027abca19000 JavaThread "Signal Dispatcher" daemon [_thread_blocked, id=3344, stack(0x000000f8b0100000,0x000000f8b0200000)]
  0x0000027abca1b000 JavaThread "Attach Listener" daemon [_thread_blocked, id=11008, stack(0x000000f8b0200000,0x000000f8b0300000)]
  0x0000027abca1c800 JavaThread "Service Thread" daemon [_thread_blocked, id=13008, stack(0x000000f8b0300000,0x000000f8b0400000)]
  0x0000027abc098000 JavaThread "C2 CompilerThread0" daemon [_thread_in_native, id=2520, stack(0x000000f8b0400000,0x000000f8b0500000)]
  0x0000027abc09e000 JavaThread "C1 CompilerThread0" daemon [_thread_blocked, id=12168, stack(0x000000f8b0500000,0x000000f8b0600000)]
  0x0000027abc0a4800 JavaThread "Sweeper thread" daemon [_thread_blocked, id=12544, stack(0x000000f8b0600000,0x000000f8b0700000)]
  0x0000027abcb6e800 JavaThread "Common-Cleaner" daemon [_thread_blocked, id=10580, stack(0x000000f8b0800000,0x000000f8b0900000)]
  0x0000027abc09f000 JavaThread "C2 CompilerThread1" daemon [_thread_in_native, id=4968, stack(0x000000f8b0900000,0x000000f8b0a00000)]

Other Threads:
  0x0000027abc056000 VMThread "VM Thread" [stack: 0x000000f8afe00000,0x000000f8aff00000] [id=10424]
  0x0000027abcb64800 WatcherThread [stack: 0x000000f8b0700000,0x000000f8b0800000] [id=236]
  0x0000027aa258a000 GCTaskThread "GC Thread#0" [stack: 0x000000f8af900000,0x000000f8afa00000] [id=9340]
  0x0000027aa25ba800 ConcurrentGCThread "G1 Main Marker" [stack: 0x000000f8afa00000,0x000000f8afb00000] [id=2236]
  0x0000027aa25be000 ConcurrentGCThread "G1 Conc#0" [stack: 0x000000f8afb00000,0x000000f8afc00000] [id=1300]
  0x0000027aa264e000 ConcurrentGCThread "G1 Refine#0" [stack: 0x000000f8afc00000,0x000000f8afd00000] [id=10964]
  0x0000027abbec0800 ConcurrentGCThread "G1 Young RemSet Sampling" [stack: 0x000000f8afd00000,0x000000f8afe00000] [id=3156]

Threads with active compile tasks:
C2 CompilerThread0    442  325   !   4       java.io.BufferedReader::read (104 bytes)
C2 CompilerThread1    442  324       4       org.jetbrains.kotlin.cli.common.arguments.PreprocessCommandLineArgumentsKt::nextChar (62 bytes)

VM state:not at safepoint (normal execution)

VM Mutex/Monitor currently owned by a thread: None

Heap address: 0x0000000081c00000, size: 2020 MB, Compressed Oops mode: 32-bit
Narrow klass base: 0x0000000000000000, Narrow klass shift: 3
Compressed class space size: 1073741824 Address: 0x0000000100000000

Heap:
 garbage-first heap   total 131072K, used 11264K [0x0000000081c00000, 0x0000000100000000)
  region size 1024K, 9 young (9216K), 0 survivors (0K)
 Metaspace       used 8048K, capacity 8172K, committed 8448K, reserved 1056768K
  class space    used 626K, capacity 659K, committed 768K, reserved 1048576K
Heap Regions: E=young(eden), S=young(survivor), O=old, HS=humongous(starts), HC=humongous(continues), CS=collection set, F=free, A=archive, TAMS=top-at-mark-start (previous, next)
|   0|0x0000000081c00000, 0x0000000081d00000, 0x0000000081d00000|100%|HS|  |TAMS 0x0000000081c00000, 0x0000000081c00000| Complete 
|   1|0x0000000081d00000, 0x0000000081e00000, 0x0000000081e00000|100%|HC|  |TAMS 0x0000000081d00000, 0x0000000081d00000| Complete 
|   2|0x0000000081e00000, 0x0000000081f00000, 0x0000000081f00000|100%|HC|  |TAMS 0x0000000081e00000, 0x0000000081e00000| Complete 
|   3|0x0000000081f00000, 0x0000000082000000, 0x0000000082000000|100%|HS|  |TAMS 0x0000000081f00000, 0x0000000081f00000| Complete 
|   4|0x0000000082000000, 0x0000000082000000, 0x0000000082100000|  0%| F|  |TAMS 0x0000000082000000, 0x0000000082000000| Untracked 
|   5|0x0000000082100000, 0x0000000082100000, 0x0000000082200000|  0%| F|  |TAMS 0x0000000082100000, 0x0000000082100000| Untracked 
|   6|0x0000000082200000, 0x0000000082200000, 0x0000000082300000|  0%| F|  |TAMS 0x0000000082200000, 0x0000000082200000| Untracked 
|   7|0x0000000082300000, 0x0000000082300000, 0x0000000082400000|  0%| F|  |TAMS 0x0000000082300000, 0x0000000082300000| Untracked 
|   8|0x0000000082400000, 0x0000000082400000, 0x0000000082500000|  0%| F|  |TAMS 0x0000000082400000, 0x0000000082400000| Untracked 
|   9|0x0000000082500000, 0x0000000082500000, 0x0000000082600000|  0%| F|  |TAMS 0x0000000082500000, 0x0000000082500000| Untracked 
|  10|0x0000000082600000, 0x0000000082600000, 0x0000000082700000|  0%| F|  |TAMS 0x0000000082600000, 0x0000000082600000| Untracked 
|  11|0x0000000082700000, 0x0000000082700000, 0x0000000082800000|  0%| F|  |TAMS 0x0000000082700000, 0x0000000082700000| Untracked 
|  12|0x0000000082800000, 0x0000000082800000, 0x0000000082900000|  0%| F|  |TAMS 0x0000000082800000, 0x0000000082800000| Untracked 
|  13|0x0000000082900000, 0x0000000082900000, 0x0000000082a00000|  0%| F|  |TAMS 0x0000000082900000, 0x0000000082900000| Untracked 
|  14|0x0000000082a00000, 0x0000000082a00000, 0x0000000082b00000|  0%| F|  |TAMS 0x0000000082a00000, 0x0000000082a00000| Untracked 
|  15|0x0000000082b00000, 0x0000000082b00000, 0x0000000082c00000|  0%| F|  |TAMS 0x0000000082b00000, 0x0000000082b00000| Untracked 
|  16|0x0000000082c00000, 0x0000000082c00000, 0x0000000082d00000|  0%| F|  |TAMS 0x0000000082c00000, 0x0000000082c00000| Untracked 
|  17|0x0000000082d00000, 0x0000000082d00000, 0x0000000082e00000|  0%| F|  |TAMS 0x0000000082d00000, 0x0000000082d00000| Untracked 
|  18|0x0000000082e00000, 0x0000000082e00000, 0x0000000082f00000|  0%| F|  |TAMS 0x0000000082e00000, 0x0000000082e00000| Untracked 
|  19|0x0000000082f00000, 0x0000000082f00000, 0x0000000083000000|  0%| F|  |TAMS 0x0000000082f00000, 0x0000000082f00000| Untracked 
|  20|0x0000000083000000, 0x0000000083000000, 0x0000000083100000|  0%| F|  |TAMS 0x0000000083000000, 0x0000000083000000| Untracked 
|  21|0x0000000083100000, 0x0000000083100000, 0x0000000083200000|  0%| F|  |TAMS 0x0000000083100000, 0x0000000083100000| Untracked 
|  22|0x0000000083200000, 0x0000000083200000, 0x0000000083300000|  0%| F|  |TAMS 0x0000000083200000, 0x0000000083200000| Untracked 
|  23|0x0000000083300000, 0x0000000083300000, 0x0000000083400000|  0%| F|  |TAMS 0x0000000083300000, 0x0000000083300000| Untracked 
|  24|0x0000000083400000, 0x0000000083400000, 0x0000000083500000|  0%| F|  |TAMS 0x0000000083400000, 0x0000000083400000| Untracked 
|  25|0x0000000083500000, 0x0000000083500000, 0x0000000083600000|  0%| F|  |TAMS 0x0000000083500000, 0x0000000083500000| Untracked 
|  26|0x0000000083600000, 0x0000000083600000, 0x0000000083700000|  0%| F|  |TAMS 0x0000000083600000, 0x0000000083600000| Untracked 
|  27|0x0000000083700000, 0x0000000083700000, 0x0000000083800000|  0%| F|  |TAMS 0x0000000083700000, 0x0000000083700000| Untracked 
|  28|0x0000000083800000, 0x0000000083800000, 0x0000000083900000|  0%| F|  |TAMS 0x0000000083800000, 0x0000000083800000| Untracked 
|  29|0x0000000083900000, 0x0000000083900000, 0x0000000083a00000|  0%| F|  |TAMS 0x0000000083900000, 0x0000000083900000| Untracked 
|  30|0x0000000083a00000, 0x0000000083a00000, 0x0000000083b00000|  0%| F|  |TAMS 0x0000000083a00000, 0x0000000083a00000| Untracked 
|  31|0x0000000083b00000, 0x0000000083b00000, 0x0000000083c00000|  0%| F|  |TAMS 0x0000000083b00000, 0x0000000083b00000| Untracked 
|  32|0x0000000083c00000, 0x0000000083c00000, 0x0000000083d00000|  0%| F|  |TAMS 0x0000000083c00000, 0x0000000083c00000| Untracked 
|  33|0x0000000083d00000, 0x0000000083d00000, 0x0000000083e00000|  0%| F|  |TAMS 0x0000000083d00000, 0x0000000083d00000| Untracked 
|  34|0x0000000083e00000, 0x0000000083e00000, 0x0000000083f00000|  0%| F|  |TAMS 0x0000000083e00000, 0x0000000083e00000| Untracked 
|  35|0x0000000083f00000, 0x0000000083f00000, 0x0000000084000000|  0%| F|  |TAMS 0x0000000083f00000, 0x0000000083f00000| Untracked 
|  36|0x0000000084000000, 0x0000000084000000, 0x0000000084100000|  0%| F|  |TAMS 0x0000000084000000, 0x0000000084000000| Untracked 
|  37|0x0000000084100000, 0x0000000084100000, 0x0000000084200000|  0%| F|  |TAMS 0x0000000084100000, 0x0000000084100000| Untracked 
|  38|0x0000000084200000, 0x0000000084200000, 0x0000000084300000|  0%| F|  |TAMS 0x0000000084200000, 0x0000000084200000| Untracked 
|  39|0x0000000084300000, 0x0000000084300000, 0x0000000084400000|  0%| F|  |TAMS 0x0000000084300000, 0x0000000084300000| Untracked 
|  40|0x0000000084400000, 0x0000000084400000, 0x0000000084500000|  0%| F|  |TAMS 0x0000000084400000, 0x0000000084400000| Untracked 
|  41|0x0000000084500000, 0x0000000084500000, 0x0000000084600000|  0%| F|  |TAMS 0x0000000084500000, 0x0000000084500000| Untracked 
|  42|0x0000000084600000, 0x0000000084600000, 0x0000000084700000|  0%| F|  |TAMS 0x0000000084600000, 0x0000000084600000| Untracked 
|  43|0x0000000084700000, 0x0000000084700000, 0x0000000084800000|  0%| F|  |TAMS 0x0000000084700000, 0x0000000084700000| Untracked 
|  44|0x0000000084800000, 0x0000000084800000, 0x0000000084900000|  0%| F|  |TAMS 0x0000000084800000, 0x0000000084800000| Untracked 
|  45|0x0000000084900000, 0x0000000084900000, 0x0000000084a00000|  0%| F|  |TAMS 0x0000000084900000, 0x0000000084900000| Untracked 
|  46|0x0000000084a00000, 0x0000000084a00000, 0x0000000084b00000|  0%| F|  |TAMS 0x0000000084a00000, 0x0000000084a00000| Untracked 
|  47|0x0000000084b00000, 0x0000000084b00000, 0x0000000084c00000|  0%| F|  |TAMS 0x0000000084b00000, 0x0000000084b00000| Untracked 
|  48|0x0000000084c00000, 0x0000000084c00000, 0x0000000084d00000|  0%| F|  |TAMS 0x0000000084c00000, 0x0000000084c00000| Untracked 
|  49|0x0000000084d00000, 0x0000000084d00000, 0x0000000084e00000|  0%| F|  |TAMS 0x0000000084d00000, 0x0000000084d00000| Untracked 
|  50|0x0000000084e00000, 0x0000000084e00000, 0x0000000084f00000|  0%| F|  |TAMS 0x0000000084e00000, 0x0000000084e00000| Untracked 
|  51|0x0000000084f00000, 0x0000000084f00000, 0x0000000085000000|  0%| F|  |TAMS 0x0000000084f00000, 0x0000000084f00000| Untracked 
|  52|0x0000000085000000, 0x0000000085000000, 0x0000000085100000|  0%| F|  |TAMS 0x0000000085000000, 0x0000000085000000| Untracked 
|  53|0x0000000085100000, 0x0000000085100000, 0x0000000085200000|  0%| F|  |TAMS 0x0000000085100000, 0x0000000085100000| Untracked 
|  54|0x0000000085200000, 0x0000000085200000, 0x0000000085300000|  0%| F|  |TAMS 0x0000000085200000, 0x0000000085200000| Untracked 
|  55|0x0000000085300000, 0x0000000085300000, 0x0000000085400000|  0%| F|  |TAMS 0x0000000085300000, 0x0000000085300000| Untracked 
|  56|0x0000000085400000, 0x0000000085400000, 0x0000000085500000|  0%| F|  |TAMS 0x0000000085400000, 0x0000000085400000| Untracked 
|  57|0x0000000085500000, 0x0000000085500000, 0x0000000085600000|  0%| F|  |TAMS 0x0000000085500000, 0x0000000085500000| Untracked 
|  58|0x0000000085600000, 0x0000000085600000, 0x0000000085700000|  0%| F|  |TAMS 0x0000000085600000, 0x0000000085600000| Untracked 
|  59|0x0000000085700000, 0x0000000085700000, 0x0000000085800000|  0%| F|  |TAMS 0x0000000085700000, 0x0000000085700000| Untracked 
|  60|0x0000000085800000, 0x0000000085800000, 0x0000000085900000|  0%| F|  |TAMS 0x0000000085800000, 0x0000000085800000| Untracked 
|  61|0x0000000085900000, 0x0000000085900000, 0x0000000085a00000|  0%| F|  |TAMS 0x0000000085900000, 0x0000000085900000| Untracked 
|  62|0x0000000085a00000, 0x0000000085a00000, 0x0000000085b00000|  0%| F|  |TAMS 0x0000000085a00000, 0x0000000085a00000| Untracked 
|  63|0x0000000085b00000, 0x0000000085b00000, 0x0000000085c00000|  0%| F|  |TAMS 0x0000000085b00000, 0x0000000085b00000| Untracked 
|  64|0x0000000085c00000, 0x0000000085c00000, 0x0000000085d00000|  0%| F|  |TAMS 0x0000000085c00000, 0x0000000085c00000| Untracked 
|  65|0x0000000085d00000, 0x0000000085d00000, 0x0000000085e00000|  0%| F|  |TAMS 0x0000000085d00000, 0x0000000085d00000| Untracked 
|  66|0x0000000085e00000, 0x0000000085e00000, 0x0000000085f00000|  0%| F|  |TAMS 0x0000000085e00000, 0x0000000085e00000| Untracked 
|  67|0x0000000085f00000, 0x0000000085f00000, 0x0000000086000000|  0%| F|  |TAMS 0x0000000085f00000, 0x0000000085f00000| Untracked 
|  68|0x0000000086000000, 0x0000000086000000, 0x0000000086100000|  0%| F|  |TAMS 0x0000000086000000, 0x0000000086000000| Untracked 
|  69|0x0000000086100000, 0x0000000086100000, 0x0000000086200000|  0%| F|  |TAMS 0x0000000086100000, 0x0000000086100000| Untracked 
|  70|0x0000000086200000, 0x0000000086200000, 0x0000000086300000|  0%| F|  |TAMS 0x0000000086200000, 0x0000000086200000| Untracked 
|  71|0x0000000086300000, 0x0000000086300000, 0x0000000086400000|  0%| F|  |TAMS 0x0000000086300000, 0x0000000086300000| Untracked 
|  72|0x0000000086400000, 0x0000000086400000, 0x0000000086500000|  0%| F|  |TAMS 0x0000000086400000, 0x0000000086400000| Untracked 
|  73|0x0000000086500000, 0x0000000086500000, 0x0000000086600000|  0%| F|  |TAMS 0x0000000086500000, 0x0000000086500000| Untracked 
|  74|0x0000000086600000, 0x0000000086600000, 0x0000000086700000|  0%| F|  |TAMS 0x0000000086600000, 0x0000000086600000| Untracked 
|  75|0x0000000086700000, 0x0000000086700000, 0x0000000086800000|  0%| F|  |TAMS 0x0000000086700000, 0x0000000086700000| Untracked 
|  76|0x0000000086800000, 0x0000000086800000, 0x0000000086900000|  0%| F|  |TAMS 0x0000000086800000, 0x0000000086800000| Untracked 
|  77|0x0000000086900000, 0x0000000086900000, 0x0000000086a00000|  0%| F|  |TAMS 0x0000000086900000, 0x0000000086900000| Untracked 
|  78|0x0000000086a00000, 0x0000000086a00000, 0x0000000086b00000|  0%| F|  |TAMS 0x0000000086a00000, 0x0000000086a00000| Untracked 
|  79|0x0000000086b00000, 0x0000000086b00000, 0x0000000086c00000|  0%| F|  |TAMS 0x0000000086b00000, 0x0000000086b00000| Untracked 
|  80|0x0000000086c00000, 0x0000000086c00000, 0x0000000086d00000|  0%| F|  |TAMS 0x0000000086c00000, 0x0000000086c00000| Untracked 
|  81|0x0000000086d00000, 0x0000000086d00000, 0x0000000086e00000|  0%| F|  |TAMS 0x0000000086d00000, 0x0000000086d00000| Untracked 
|  82|0x0000000086e00000, 0x0000000086e00000, 0x0000000086f00000|  0%| F|  |TAMS 0x0000000086e00000, 0x0000000086e00000| Untracked 
|  83|0x0000000086f00000, 0x0000000086f00000, 0x0000000087000000|  0%| F|  |TAMS 0x0000000086f00000, 0x0000000086f00000| Untracked 
|  84|0x0000000087000000, 0x0000000087000000, 0x0000000087100000|  0%| F|  |TAMS 0x0000000087000000, 0x0000000087000000| Untracked 
|  85|0x0000000087100000, 0x0000000087100000, 0x0000000087200000|  0%| F|  |TAMS 0x0000000087100000, 0x0000000087100000| Untracked 
|  86|0x0000000087200000, 0x0000000087200000, 0x0000000087300000|  0%| F|  |TAMS 0x0000000087200000, 0x0000000087200000| Untracked 
|  87|0x0000000087300000, 0x0000000087300000, 0x0000000087400000|  0%| F|  |TAMS 0x0000000087300000, 0x0000000087300000| Untracked 
|  88|0x0000000087400000, 0x0000000087400000, 0x0000000087500000|  0%| F|  |TAMS 0x0000000087400000, 0x0000000087400000| Untracked 
|  89|0x0000000087500000, 0x0000000087500000, 0x0000000087600000|  0%| F|  |TAMS 0x0000000087500000, 0x0000000087500000| Untracked 
|  90|0x0000000087600000, 0x0000000087600000, 0x0000000087700000|  0%| F|  |TAMS 0x0000000087600000, 0x0000000087600000| Untracked 
|  91|0x0000000087700000, 0x0000000087700000, 0x0000000087800000|  0%| F|  |TAMS 0x0000000087700000, 0x0000000087700000| Untracked 
|  92|0x0000000087800000, 0x0000000087800000, 0x0000000087900000|  0%| F|  |TAMS 0x0000000087800000, 0x0000000087800000| Untracked 
|  93|0x0000000087900000, 0x0000000087900000, 0x0000000087a00000|  0%| F|  |TAMS 0x0000000087900000, 0x0000000087900000| Untracked 
|  94|0x0000000087a00000, 0x0000000087a00000, 0x0000000087b00000|  0%| F|  |TAMS 0x0000000087a00000, 0x0000000087a00000| Untracked 
|  95|0x0000000087b00000, 0x0000000087b00000, 0x0000000087c00000|  0%| F|  |TAMS 0x0000000087b00000, 0x0000000087b00000| Untracked 
|  96|0x0000000087c00000, 0x0000000087c00000, 0x0000000087d00000|  0%| F|  |TAMS 0x0000000087c00000, 0x0000000087c00000| Untracked 
|  97|0x0000000087d00000, 0x0000000087d00000, 0x0000000087e00000|  0%| F|  |TAMS 0x0000000087d00000, 0x0000000087d00000| Untracked 
|  98|0x0000000087e00000, 0x0000000087e00000, 0x0000000087f00000|  0%| F|  |TAMS 0x0000000087e00000, 0x0000000087e00000| Untracked 
|  99|0x0000000087f00000, 0x0000000087f00000, 0x0000000088000000|  0%| F|  |TAMS 0x0000000087f00000, 0x0000000087f00000| Untracked 
| 100|0x0000000088000000, 0x0000000088000000, 0x0000000088100000|  0%| F|  |TAMS 0x0000000088000000, 0x0000000088000000| Untracked 
| 101|0x0000000088100000, 0x0000000088100000, 0x0000000088200000|  0%| F|  |TAMS 0x0000000088100000, 0x0000000088100000| Untracked 
| 102|0x0000000088200000, 0x0000000088200000, 0x0000000088300000|  0%| F|  |TAMS 0x0000000088200000, 0x0000000088200000| Untracked 
| 103|0x0000000088300000, 0x0000000088300000, 0x0000000088400000|  0%| F|  |TAMS 0x0000000088300000, 0x0000000088300000| Untracked 
| 104|0x0000000088400000, 0x0000000088400000, 0x0000000088500000|  0%| F|  |TAMS 0x0000000088400000, 0x0000000088400000| Untracked 
| 105|0x0000000088500000, 0x0000000088500000, 0x0000000088600000|  0%| F|  |TAMS 0x0000000088500000, 0x0000000088500000| Untracked 
| 106|0x0000000088600000, 0x0000000088600000, 0x0000000088700000|  0%| F|  |TAMS 0x0000000088600000, 0x0000000088600000| Untracked 
| 107|0x0000000088700000, 0x0000000088700000, 0x0000000088800000|  0%| F|  |TAMS 0x0000000088700000, 0x0000000088700000| Untracked 
| 108|0x0000000088800000, 0x0000000088800000, 0x0000000088900000|  0%| F|  |TAMS 0x0000000088800000, 0x0000000088800000| Untracked 
| 109|0x0000000088900000, 0x0000000088900000, 0x0000000088a00000|  0%| F|  |TAMS 0x0000000088900000, 0x0000000088900000| Untracked 
| 110|0x0000000088a00000, 0x0000000088a00000, 0x0000000088b00000|  0%| F|  |TAMS 0x0000000088a00000, 0x0000000088a00000| Untracked 
| 111|0x0000000088b00000, 0x0000000088b00000, 0x0000000088c00000|  0%| F|  |TAMS 0x0000000088b00000, 0x0000000088b00000| Untracked 
| 112|0x0000000088c00000, 0x0000000088c00000, 0x0000000088d00000|  0%| F|  |TAMS 0x0000000088c00000, 0x0000000088c00000| Untracked 
| 113|0x0000000088d00000, 0x0000000088d00000, 0x0000000088e00000|  0%| F|  |TAMS 0x0000000088d00000, 0x0000000088d00000| Untracked 
| 114|0x0000000088e00000, 0x0000000088e00000, 0x0000000088f00000|  0%| F|  |TAMS 0x0000000088e00000, 0x0000000088e00000| Untracked 
| 115|0x0000000088f00000, 0x0000000088f00000, 0x0000000089000000|  0%| F|  |TAMS 0x0000000088f00000, 0x0000000088f00000| Untracked 
| 116|0x0000000089000000, 0x0000000089000000, 0x0000000089100000|  0%| F|  |TAMS 0x0000000089000000, 0x0000000089000000| Untracked 
| 117|0x0000000089100000, 0x0000000089100000, 0x0000000089200000|  0%| F|  |TAMS 0x0000000089100000, 0x0000000089100000| Untracked 
| 118|0x0000000089200000, 0x0000000089200000, 0x0000000089300000|  0%| F|  |TAMS 0x0000000089200000, 0x0000000089200000| Untracked 
| 119|0x0000000089300000, 0x00000000893bd050, 0x0000000089400000| 73%| E|  |TAMS 0x0000000089300000, 0x0000000089300000| Complete 
| 120|0x0000000089400000, 0x0000000089500000, 0x0000000089500000|100%| E|CS|TAMS 0x0000000089400000, 0x0000000089400000| Complete 
| 121|0x0000000089500000, 0x0000000089600000, 0x0000000089600000|100%| E|  |TAMS 0x0000000089500000, 0x0000000089500000| Complete 
| 122|0x0000000089600000, 0x0000000089700000, 0x0000000089700000|100%| E|CS|TAMS 0x0000000089600000, 0x0000000089600000| Complete 
| 123|0x0000000089700000, 0x0000000089800000, 0x0000000089800000|100%| E|CS|TAMS 0x0000000089700000, 0x0000000089700000| Complete 
| 124|0x0000000089800000, 0x0000000089900000, 0x0000000089900000|100%| E|CS|TAMS 0x0000000089800000, 0x0000000089800000| Complete 
| 125|0x0000000089900000, 0x0000000089a00000, 0x0000000089a00000|100%| E|CS|TAMS 0x0000000089900000, 0x0000000089900000| Complete 
| 126|0x0000000089a00000, 0x0000000089b00000, 0x0000000089b00000|100%| E|CS|TAMS 0x0000000089a00000, 0x0000000089a00000| Complete 
| 127|0x0000000089b00000, 0x0000000089c00000, 0x0000000089c00000|100%| E|CS|TAMS 0x0000000089b00000, 0x0000000089b00000| Complete 

Card table byte_map: [0x0000027ab5470000,0x0000027ab5870000] _byte_map_base: 0x0000027ab5062000

Marking Bits (Prev, Next): (CMBitMap*) 0x0000027aa25b0f88, (CMBitMap*) 0x0000027aa25b0fc0
 Prev Bits: [0x0000027ab5c70000, 0x0000027ab7c00000)
 Next Bits: [0x0000027ab7c00000, 0x0000027ab9b90000)

Polling page: 0x0000027aa0500000

Metaspace:

Usage:
  Non-class:      7.34 MB capacity,     7.25 MB ( 99%) used,    86.63 KB (  1%) free+waste,     4.00 KB ( <1%) overhead. 
      Class:    659.00 KB capacity,   626.49 KB ( 95%) used,    31.26 KB (  5%) free+waste,     1.25 KB ( <1%) overhead. 
       Both:      7.98 MB capacity,     7.86 MB ( 98%) used,   117.88 KB (  1%) free+waste,     5.25 KB ( <1%) overhead. 

Virtual space:
  Non-class space:        8.00 MB reserved,       7.50 MB ( 94%) committed 
      Class space:        1.00 GB reserved,     768.00 KB ( <1%) committed 
             Both:        1.01 GB reserved,       8.25 MB ( <1%) committed 

Chunk freelists:
   Non-Class:  39.00 KB
       Class:  13.00 KB
        Both:  52.00 KB

MaxMetaspaceSize: 17179869184.00 GB
CompressedClassSpaceSize: 1.00 GB

CodeHeap 'non-profiled nmethods': size=120064Kb used=94Kb max_used=94Kb free=119969Kb
 bounds [0x0000027aadb30000, 0x0000027aadda0000, 0x0000027ab5070000]
CodeHeap 'profiled nmethods': size=120000Kb used=475Kb max_used=475Kb free=119524Kb
 bounds [0x0000027aa6600000, 0x0000027aa6870000, 0x0000027aadb30000]
CodeHeap 'non-nmethods': size=5696Kb used=1075Kb max_used=1075Kb free=4620Kb
 bounds [0x0000027aa6070000, 0x0000027aa62e0000, 0x0000027aa6600000]
 total_blobs=685 nmethods=326 adapters=269
 compilation: enabled
              stopped_count=0, restarted_count=0
 full_count=0

Compilation events (20 events):
Event: 0.394 Thread 0x0000027abc09e000 nmethod 315 0x0000027aa666d290 code [0x0000027aa666d440, 0x0000027aa666d608]
Event: 0.395 Thread 0x0000027abc09e000  316       1       java.lang.Character::charValue (5 bytes)
Event: 0.395 Thread 0x0000027abc09e000 nmethod 316 0x0000027aadb46690 code [0x0000027aadb46840, 0x0000027aadb468f8]
Event: 0.396 Thread 0x0000027abc09e000  317       3       java.lang.Integer::valueOf (32 bytes)
Event: 0.396 Thread 0x0000027abc09e000 nmethod 317 0x0000027aa666d690 code [0x0000027aa666d860, 0x0000027aa666db78]
Event: 0.396 Thread 0x0000027abc09e000  318       3       org.jetbrains.kotlin.cli.common.arguments.PreprocessCommandLineArgumentsKt::nextChar (62 bytes)
Event: 0.397 Thread 0x0000027abc09e000 nmethod 318 0x0000027aa666dd10 code [0x0000027aa666df60, 0x0000027aa666e838]
Event: 0.397 Thread 0x0000027abc09e000  320       3       java.io.BufferedReader::ensureOpen (18 bytes)
Event: 0.397 Thread 0x0000027abc09e000 nmethod 320 0x0000027aa666eb90 code [0x0000027aa666ed60, 0x0000027aa666ef68]
Event: 0.397 Thread 0x0000027abc09e000  319   !   3       java.io.BufferedReader::read (104 bytes)
Event: 0.397 Thread 0x0000027abc09f000  322       4       java.lang.StringBuilder::append (8 bytes)
Event: 0.397 Thread 0x0000027abc09e000 nmethod 319 0x0000027aa666f090 code [0x0000027aa666f2a0, 0x0000027aa666f918]
Event: 0.397 Thread 0x0000027abc09e000  321       3       java.lang.Character::valueOf (21 bytes)
Event: 0.397 Thread 0x0000027abc098000  323       4       java.lang.AbstractStringBuilder::append (77 bytes)
Event: 0.397 Thread 0x0000027abc09e000 nmethod 321 0x0000027aa666fc90 code [0x0000027aa666fe60, 0x0000027aa66700d8]
Event: 0.403 Thread 0x0000027abc09e000  326   !   3       java.net.URL::<init> (543 bytes)
Event: 0.403 Thread 0x0000027abc09f000 nmethod 322 0x0000027aadb46990 code [0x0000027aadb46b40, 0x0000027aadb46fd8]
Event: 0.403 Thread 0x0000027abc09f000  324       4       org.jetbrains.kotlin.cli.common.arguments.PreprocessCommandLineArgumentsKt::nextChar (62 bytes)
Event: 0.404 Thread 0x0000027abc098000 nmethod 323 0x0000027aadb47290 code [0x0000027aadb47440, 0x0000027aadb478d8]
Event: 0.405 Thread 0x0000027abc098000  325   !   4       java.io.BufferedReader::read (104 bytes)

GC Heap History (0 events):
No events

Deoptimization events (20 events):
Event: 0.185 Thread 0x0000027aa2572000 DEOPT PACKING pc=0x0000027aa66209bb sp=0x000000f8af8faa90
Event: 0.185 Thread 0x0000027aa2572000 DEOPT UNPACKING pc=0x0000027aa6096dde sp=0x000000f8af8f9f60 mode 0
Event: 0.185 Thread 0x0000027aa2572000 DEOPT PACKING pc=0x0000027aa66209bb sp=0x000000f8af8faa90
Event: 0.185 Thread 0x0000027aa2572000 DEOPT UNPACKING pc=0x0000027aa6096dde sp=0x000000f8af8f9f60 mode 0
Event: 0.185 Thread 0x0000027aa2572000 DEOPT PACKING pc=0x0000027aa66209bb sp=0x000000f8af8faa90
Event: 0.185 Thread 0x0000027aa2572000 DEOPT UNPACKING pc=0x0000027aa6096dde sp=0x000000f8af8f9f60 mode 0
Event: 0.186 Thread 0x0000027aa2572000 DEOPT PACKING pc=0x0000027aa66209bb sp=0x000000f8af8faa90
Event: 0.186 Thread 0x0000027aa2572000 DEOPT UNPACKING pc=0x0000027aa6096dde sp=0x000000f8af8f9f60 mode 0
Event: 0.186 Thread 0x0000027aa2572000 DEOPT PACKING pc=0x0000027aa66209bb sp=0x000000f8af8faa90
Event: 0.186 Thread 0x0000027aa2572000 DEOPT UNPACKING pc=0x0000027aa6096dde sp=0x000000f8af8f9f60 mode 0
Event: 0.186 Thread 0x0000027aa2572000 DEOPT PACKING pc=0x0000027aa66209bb sp=0x000000f8af8faa90
Event: 0.186 Thread 0x0000027aa2572000 DEOPT UNPACKING pc=0x0000027aa6096dde sp=0x000000f8af8f9f60 mode 0
Event: 0.186 Thread 0x0000027aa2572000 DEOPT PACKING pc=0x0000027aa66209bb sp=0x000000f8af8faa90
Event: 0.186 Thread 0x0000027aa2572000 DEOPT UNPACKING pc=0x0000027aa6096dde sp=0x000000f8af8f9f60 mode 0
Event: 0.187 Thread 0x0000027aa2572000 DEOPT PACKING pc=0x0000027aa66209bb sp=0x000000f8af8faa90
Event: 0.187 Thread 0x0000027aa2572000 DEOPT UNPACKING pc=0x0000027aa6096dde sp=0x000000f8af8f9f60 mode 0
Event: 0.339 Thread 0x0000027aa2572000 DEOPT PACKING pc=0x0000027aa6640522 sp=0x000000f8af8fdf70
Event: 0.339 Thread 0x0000027aa2572000 DEOPT UNPACKING pc=0x0000027aa6096dde sp=0x000000f8af8fd3d8 mode 0
Event: 0.348 Thread 0x0000027aa2572000 DEOPT PACKING pc=0x0000027aa6624dd0 sp=0x000000f8af8fc120
Event: 0.348 Thread 0x0000027aa2572000 DEOPT UNPACKING pc=0x0000027aa6096dde sp=0x000000f8af8fb5a8 mode 0

Classes redefined (0 events):
No events

Internal exceptions (0 events):
No events

Events (20 events):
Event: 0.401 loading class kotlin/reflect/full/KClasses
Event: 0.401 loading class kotlin/reflect/full/KClasses done
Event: 0.402 loading class kotlin/reflect/jvm/internal/KClassImpl$Data
Event: 0.402 loading class kotlin/reflect/jvm/internal/KClassImpl$Data done
Event: 0.403 loading class kotlin/reflect/jvm/internal/KDeclarationContainerImpl$Data
Event: 0.403 loading class kotlin/reflect/jvm/internal/KDeclarationContainerImpl$Data done
Event: 0.404 loading class kotlin/jvm/internal/PropertyReference1Impl
Event: 0.404 loading class kotlin/jvm/internal/PropertyReference1Impl done
Event: 0.405 loading class kotlin/reflect/jvm/internal/KDeclarationContainerImpl$Data$moduleData$2
Event: 0.405 loading class kotlin/reflect/jvm/internal/KDeclarationContainerImpl$Data$moduleData$2 done
Event: 0.406 loading class kotlin/reflect/jvm/internal/KClassImpl$Data$descriptor$2
Event: 0.406 loading class kotlin/reflect/jvm/internal/KClassImpl$Data$descriptor$2 done
Event: 0.406 loading class kotlin/reflect/jvm/internal/KClassImpl$Data$annotations$2
Event: 0.406 loading class kotlin/reflect/jvm/internal/KClassImpl$Data$annotations$2 done
Event: 0.408 loading class kotlin/reflect/jvm/internal/KClassImpl$Data$simpleName$2
Event: 0.408 loading class kotlin/reflect/jvm/internal/KClassImpl$Data$simpleName$2 done
Event: 0.408 loading class kotlin/reflect/jvm/internal/KClassImpl$Data$qualifiedName$2
Event: 0.408 loading class kotlin/reflect/jvm/internal/KClassImpl$Data$qualifiedName$2 done
Event: 0.409 loading class kotlin/reflect/jvm/internal/KClassImpl$Data$constructors$2
Event: 0.409 loading class kotlin/reflect/jvm/internal/KClassImpl$Data$constructors$2 done


Dynamic libraries:
0x00007ff64c4c0000 - 0x00007ff64c4ca000 	C:\Program Files\Android\Android Studio\jre\bin\java.exe
0x00007ffa03230000 - 0x00007ffa03425000 	C:\WINDOWS\SYSTEM32\ntdll.dll
0x00007ff9d47d0000 - 0x00007ff9d47e6000 	C:\Program Files\AVG\Antivirus\aswhook.dll
0x00007ffa02bd0000 - 0x00007ffa02c8e000 	C:\WINDOWS\System32\KERNEL32.DLL
0x00007ffa00bf0000 - 0x00007ffa00eb8000 	C:\WINDOWS\System32\KERNELBASE.dll
0x00007ffa00a50000 - 0x00007ffa00b50000 	C:\WINDOWS\System32\ucrtbase.dll
0x00007ff9ec8d0000 - 0x00007ff9ec8e9000 	C:\Program Files\Android\Android Studio\jre\bin\jli.dll
0x00007ff9f9f60000 - 0x00007ff9f9f77000 	C:\Program Files\Android\Android Studio\jre\bin\VCRUNTIME140.dll
0x00007ffa01770000 - 0x00007ffa01910000 	C:\WINDOWS\System32\USER32.dll
0x00007ff9eacd0000 - 0x00007ff9eaf6a000 	C:\WINDOWS\WinSxS\amd64_microsoft.windows.common-controls_6595b64144ccf1df_6.0.19041.1110_none_60b5254171f9507e\COMCTL32.dll
0x00007ffa00b50000 - 0x00007ffa00b72000 	C:\WINDOWS\System32\win32u.dll
0x00007ffa02060000 - 0x00007ffa0208b000 	C:\WINDOWS\System32\GDI32.dll
0x00007ffa02b30000 - 0x00007ffa02bce000 	C:\WINDOWS\System32\msvcrt.dll
0x00007ffa00f50000 - 0x00007ffa0105b000 	C:\WINDOWS\System32\gdi32full.dll
0x00007ffa01060000 - 0x00007ffa010fd000 	C:\WINDOWS\System32\msvcp_win.dll
0x00007ffa01390000 - 0x00007ffa013c0000 	C:\WINDOWS\System32\IMM32.DLL
0x00007ff9e4360000 - 0x00007ff9e43fd000 	C:\Program Files\Android\Android Studio\jre\bin\msvcp140.dll
0x00007ff99c650000 - 0x00007ff99d125000 	C:\Program Files\Android\Android Studio\jre\bin\server\jvm.dll
0x00007ffa02880000 - 0x00007ffa0292e000 	C:\WINDOWS\System32\ADVAPI32.dll
0x00007ffa02dc0000 - 0x00007ffa02e5c000 	C:\WINDOWS\System32\sechost.dll
0x00007ffa029a0000 - 0x00007ffa02ac5000 	C:\WINDOWS\System32\RPCRT4.dll
0x00007ffa02990000 - 0x00007ffa02998000 	C:\WINDOWS\System32\PSAPI.DLL
0x00007ff9f7dd0000 - 0x00007ff9f7dda000 	C:\WINDOWS\SYSTEM32\VERSION.dll
0x00007ff9eaf70000 - 0x00007ff9eaf97000 	C:\WINDOWS\SYSTEM32\WINMM.dll
0x00007ff9e9ba0000 - 0x00007ff9e9ba9000 	C:\WINDOWS\SYSTEM32\WSOCK32.dll
0x00007ffa01290000 - 0x00007ffa012fb000 	C:\WINDOWS\System32\WS2_32.dll
0x00007ff9fe8f0000 - 0x00007ff9fe902000 	C:\WINDOWS\SYSTEM32\kernel.appcore.dll
0x00007ff9e9700000 - 0x00007ff9e9711000 	C:\Program Files\Android\Android Studio\jre\bin\verify.dll
0x00007ff9fe290000 - 0x00007ff9fe474000 	C:\WINDOWS\SYSTEM32\DBGHELP.DLL
0x00007ff9ef6b0000 - 0x00007ff9ef6dc000 	C:\WINDOWS\SYSTEM32\dbgcore.DLL
0x00007ffa00ec0000 - 0x00007ffa00f42000 	C:\WINDOWS\System32\bcryptPrimitives.dll
0x00007ff9e96d0000 - 0x00007ff9e96f9000 	C:\Program Files\Android\Android Studio\jre\bin\java.dll
0x00007ff9f8b10000 - 0x00007ff9f8b1b000 	C:\Program Files\Android\Android Studio\jre\bin\jimage.dll
0x00007ff9e8e40000 - 0x00007ff9e8e58000 	C:\Program Files\Android\Android Studio\jre\bin\zip.dll
0x00007ffa01910000 - 0x00007ffa02054000 	C:\WINDOWS\System32\SHELL32.dll
0x00007ff9fea60000 - 0x00007ff9ff1f4000 	C:\WINDOWS\SYSTEM32\windows.storage.dll
0x00007ffa02e80000 - 0x00007ffa031d4000 	C:\WINDOWS\System32\combase.dll
0x00007ffa003b0000 - 0x00007ffa003dc000 	C:\WINDOWS\SYSTEM32\Wldp.dll
0x00007ffa027d0000 - 0x00007ffa0287d000 	C:\WINDOWS\System32\SHCORE.dll
0x00007ffa02ad0000 - 0x00007ffa02b25000 	C:\WINDOWS\System32\shlwapi.dll
0x00007ffa00890000 - 0x00007ffa008af000 	C:\WINDOWS\SYSTEM32\profapi.dll
0x00007ff9e8ad0000 - 0x00007ff9e8aea000 	C:\Program Files\Android\Android Studio\jre\bin\net.dll
0x00007ff9f15f0000 - 0x00007ff9f16f9000 	C:\WINDOWS\SYSTEM32\WINHTTP.dll
0x00007ffa00110000 - 0x00007ffa0017a000 	C:\WINDOWS\system32\mswsock.dll
0x00007ff9e8ab0000 - 0x00007ff9e8ac4000 	C:\Program Files\Android\Android Studio\jre\bin\nio.dll

dbghelp: loaded successfully - version: 4.0.5 - missing functions: none
symbol engine: initialized successfully - sym options: 0x614 - pdb path: .;C:\Program Files\Android\Android Studio\jre\bin;C:\WINDOWS\SYSTEM32;C:\Program Files\AVG\Antivirus;C:\WINDOWS\WinSxS\amd64_microsoft.windows.common-controls_6595b64144ccf1df_6.0.19041.1110_none_60b5254171f9507e;C:\Program Files\Android\Android Studio\jre\bin\server

VM Arguments:
java_command: org.jetbrains.kotlin.cli.jvm.K2JVMCompiler @C:\Users\dasta\AndroidStudioProjects\CalculatorDastanBakaev\app\build\20220414_5954855175550524275.compiler.options
java_class_path (initial): C:\Users\dasta\.gradle\caches\modules-2\files-2.1\org.jetbrains.kotlin\kotlin-compiler-embeddable\1.5.30\3362a354066df1578a057c200da23cf2a1d8144f\kotlin-compiler-embeddable-1.5.30.jar;C:\Users\dasta\.gradle\caches\modules-2\files-2.1\org.jetbrains.kotlin\kotlin-reflect\1.5.30\6773e974437dd6432aa646cc2f8ab71de42b5773\kotlin-reflect-1.5.30.jar;C:\Users\dasta\.gradle\caches\modules-2\files-2.1\org.jetbrains.kotlin\kotlin-stdlib\1.5.30\d68efdea04955974ac1020f8f66ef8176bfbce1f\kotlin-stdlib-1.5.30.jar;C:\Users\dasta\.gradle\caches\modules-2\files-2.1\org.jetbrains.kotlin\kotlin-script-runtime\1.5.30\10697ab20bfd2f1b23baa91306950c36c4e89a8d\kotlin-script-runtime-1.5.30.jar;C:\Users\dasta\.gradle\caches\modules-2\files-2.1\org.jetbrains.kotlin\kotlin-daemon-embeddable\1.5.30\e355dc9011e559a475608265607948109e113ae0\kotlin-daemon-embeddable-1.5.30.jar;C:\Users\dasta\.gradle\caches\modules-2\files-2.1\org.jetbrains.intellij.deps\trove4j\1.0.20181211\216c2e14b070f334479d800987affe4054cd563f\trove4j-1.0.20181211.jar;C:\Users\dasta\.gradle\caches\modules-2\files-2.1\org.jetbrains\annotations\13.0\919f0dfe192fb4e063e7dacadee7f8bb9a2672a9\annotations-13.0.jar;C:\Users\dasta\.gradle\caches\modules-2\files-2.1\org.jetbrains.kotlin\kotlin-stdlib-common\1.5.30\649ffab7767038323fec0cc41e2d7b0a8f65a378\kotlin-stdlib-common-1.5.30.jar
Launcher Type: SUN_STANDARD

[Global flags]
     intx CICompilerCount                          = 3                                         {product} {ergonomic}
     uint ConcGCThreads                            = 1                                         {product} {ergonomic}
     uint G1ConcRefinementThreads                  = 4                                         {product} {ergonomic}
   size_t G1HeapRegionSize                         = 1048576                                   {product} {ergonomic}
    uintx GCDrainStackTargetSize                   = 64                                        {product} {ergonomic}
   size_t InitialHeapSize                          = 134217728                                 {product} {ergonomic}
   size_t MarkStackSize                            = 4194304                                   {product} {ergonomic}
   size_t MaxHeapSize                              = 2118123520                                {product} {ergonomic}
   size_t MaxNewSize                               = 1270874112                                {product} {ergonomic}
   size_t MinHeapDeltaBytes                        = 1048576                                   {product} {ergonomic}
    uintx NonNMethodCodeHeapSize                   = 5830732                                {pd product} {ergonomic}
    uintx NonProfiledCodeHeapSize                  = 122913754                              {pd product} {ergonomic}
    uintx ProfiledCodeHeapSize                     = 122913754                              {pd product} {ergonomic}
    uintx ReservedCodeCacheSize                    = 251658240                              {pd product} {ergonomic}
     bool SegmentedCodeCache                       = true                                      {product} {ergonomic}
     bool UseCompressedClassPointers               = true                                 {lp64_product} {ergonomic}
     bool UseCompressedOops                        = true                                 {lp64_product} {ergonomic}
     bool UseG1GC                                  = true                                      {product} {ergonomic}
     bool UseLargePagesIndividualAllocation        = false                                  {pd product} {ergonomic}

Logging:
Log output configuration:
 #0: stdout all=warning uptime,level,tags
 #1: stderr all=off uptime,level,tags

Environment Variables:
PATH=C:\ProgramData\Oracle\Java\javapath;C:\Program Files\Common Files\Oracle\Java\javapath;C:\Program Files (x86)\NVIDIA Corporation\PhysX\Common;C:\WINDOWS\system32;C:\WINDOWS;C:\WINDOWS\System32\Wbem;C:\WINDOWS\System32\WindowsPowerShell\v1.0\;C:\WINDOWS\System32\OpenSSH\;C:\Program Files (x86)\dotnet\;C:\Program Files (x86)\Bitvise SSH Client;C:\Program Files\Git\cmd;C:\Program Files\MySQL\MySQL Shell 8.0\bin\;C:\Users\dasta\AppData\Local\Microsoft\WindowsApps;;C:\Program Files\JetBrains\IntelliJ IDEA Community Edition 2020.3.1\bin;C:\Program Files\Java\jdk-15.0.2\bin;;C:\Program Files\JetBrains\PyCharm Community Edition 2020.3.4\bin;;C:\Program Files (x86)\Brackets\
USERNAME=dasta
OS=Windows_NT
PROCESSOR_IDENTIFIER=Intel64 Family 6 Model 142 Stepping 9, GenuineIntel



---------------  S Y S T E M  ---------------

OS: Windows 10 , 64 bit Build 19041 (10.0.19041.1566)
OS uptime: 1 days 5:48 hours

CPU:total 4 (initial active 4) (2 cores per cpu, 2 threads per core) family 6 model 142 stepping 9 microcode 0xb4, cmov, cx8, fxsr, mmx, sse, sse2, sse3, ssse3, sse4.1, sse4.2, popcnt, avx, avx2, aes, clmul, erms, 3dnowpref, lzcnt, ht, tsc, tscinvbit, bmi1, bmi2, adx, fma

Memory: 4k page, system-wide physical 8074M (895M free)
TotalPageFile size 8074M (AvailPageFile size 5M)
current process WorkingSet (physical memory assigned to process): 54M, peak: 54M
current process commit charge ("private bytes"): 203M, peak: 203M

vm_info: OpenJDK 64-Bit Server VM (11.0.11+9-b60-7590822) for windows-amd64 JRE (11.0.11+9-b60-7590822), built on Jul 29 2021 21:43:44 by "builder" with MS VC++ 14.0 (VS2015)

END.
